<?xml version="1.0" encoding="UTF-8"?>
<robot generator="Robot 7.3.2 (Python 3.12.3 on darwin)" generated="2025-08-01T21:58:55.891597" rpa="false" schemaversion="5">
<suite id="s1" name="Tests" source="/Users/claudineibonilha/projects/cardif/cardif-web-test/src/test/robot/tests">
<suite id="s1-s1" name="LoginTest" source="/Users/claudineibonilha/projects/cardif/cardif-web-test/src/test/robot/tests/LoginTest.robot">
<kw name="Setup WebDriverManager" owner="LoginSteps" type="SETUP">
<kw name="Run" owner="OperatingSystem">
<msg time="2025-08-01T21:58:56.166302" level="INFO">Running command 'webdrivermanager chrome --linkpath /Users/claudineibonilha/projects/cardif/cardif-web-test/src/test/robot/resources/steps/drivers 2&gt;&amp;1'.</msg>
<arg>webdrivermanager chrome --linkpath ${DRIVER_DIR}</arg>
<doc>Runs the given command in the system and returns the output.</doc>
<status status="PASS" start="2025-08-01T21:58:56.158412" elapsed="0.015574"/>
</kw>
<status status="PASS" start="2025-08-01T21:58:56.157345" elapsed="0.017117"/>
</kw>
<test id="s1-s1-t1" name="Acessar pagina da google e pesquisar por praia" line="8">
<kw name="Acessar a pagina do google" owner="LoginSteps">
<kw name="Open Browser" owner="SeleniumLibrary">
<msg time="2025-08-01T21:58:56.177827" level="INFO">Opening browser 'chrome' to base url 'https://www.google.com'.</msg>
<arg>url=${URL}</arg>
<arg>browser=${BROWSER}</arg>
<doc>Opens a new browser instance to the optional ``url``.</doc>
<status status="PASS" start="2025-08-01T21:58:56.177135" elapsed="3.230625"/>
</kw>
<status status="PASS" start="2025-08-01T21:58:56.176374" elapsed="3.232640"/>
</kw>
<kw name="digitar no campo de pesquisa &quot;Cardif&quot;" owner="LoginSteps" source_name="digitar no campo de pesquisa &quot;${role}&quot;">
<kw name="Input Text" owner="SeleniumLibrary">
<msg time="2025-08-01T21:58:59.412403" level="INFO">Typing text 'Cardif' into text field 'id=APjFqb'.</msg>
<arg>id=APjFqb</arg>
<arg>${role}</arg>
<doc>Types the given ``text`` into the text field identified by ``locator``.</doc>
<status status="PASS" start="2025-08-01T21:58:59.410873" elapsed="0.384782"/>
</kw>
<status status="PASS" start="2025-08-01T21:58:59.409626" elapsed="0.386220"/>
</kw>
<status status="PASS" start="2025-08-01T21:58:56.174722" elapsed="3.621401"/>
</test>
<doc>Suite de testes - Pesquisa no google</doc>
<status status="PASS" start="2025-08-01T21:58:55.932555" elapsed="3.864636"/>
</suite>
<status status="PASS" start="2025-08-01T21:58:55.893457" elapsed="3.905647"/>
</suite>
<statistics>
<total>
<stat pass="1" fail="0" skip="0">All Tests</stat>
</total>
<tag>
</tag>
<suite>
<stat name="Tests" id="s1" pass="1" fail="0" skip="0">Tests</stat>
<stat name="LoginTest" id="s1-s1" pass="1" fail="0" skip="0">Tests.LoginTest</stat>
</suite>
</statistics>
<errors>
</errors>
</robot>
